{ --> -1
int --> -1
id --> (0, 0)
; --> -1
read --> -1
( --> -1
id --> (0, 0)
) --> -1
; --> -1
int --> -1
id --> (5, 0)
[ --> -1
id --> (0, 0)
] --> -1
; --> -1
int --> -1
id --> (5, 1)
= --> -1
const --> (8, 0)
; --> -1
int --> -1
id --> (1, 0)
= --> -1
const --> (8, 0)
; --> -1
while --> -1
( --> -1
id --> (5, 1)
< --> -1
id --> (0, 0)
) --> -1
{ --> -1
read --> -1
( --> -1
id --> (5, 0)
[ --> -1
id --> (5, 1)
] --> -1
) --> -1
; --> -1
id --> (5, 1)
+= --> -1
const --> (9, 0)
; --> -1
} --> -1
id --> (5, 1)
= --> -1
const --> (8, 0)
; --> -1
while --> -1
( --> -1
id --> (5, 1)
< --> -1
id --> (0, 0)
) --> -1
{ --> -1
id --> (1, 0)
+= --> -1
id --> (5, 0)
[ --> -1
id --> (5, 1)
] --> -1
; --> -1
id --> (5, 1)
+= --> -1
const --> (9, 0)
; --> -1
} --> -1
write --> -1
( --> -1
const --> (4, 0)
, --> -1
id --> (1, 0)
) --> -1
; --> -1
} --> -1
